[0m13:11:49.470349 [debug] [MainThread]: Sending event: {'category': 'dbt', 'action': 'invocation', 'label': 'start', 'context': [<snowplow_tracker.self_describing_json.SelfDescribingJson object at 0x000001A980A44EF0>, <snowplow_tracker.self_describing_json.SelfDescribingJson object at 0x000001A98064AF00>, <snowplow_tracker.self_describing_json.SelfDescribingJson object at 0x000001A9809A23F0>]}


============================== 13:11:49.475354 | bf72c53c-3eaf-49ad-a6ca-ea33c0cc0188 ==============================
[0m13:11:49.475354 [info ] [MainThread]: Running with dbt=1.11.6
[0m13:11:49.476354 [debug] [MainThread]: running dbt with arguments {'version_check': 'True', 'no_print': 'None', 'static_parser': 'True', 'warn_error_options': 'WarnErrorOptionsV2(error=[], warn=[], silence=[])', 'target_path': 'None', 'printer_width': '80', 'write_json': 'True', 'empty': 'None', 'log_cache_events': 'False', 'introspect': 'True', 'cache_selected_only': 'False', 'log_format': 'default', 'debug': 'False', 'fail_fast': 'False', 'profiles_dir': 'C:\\Users\\revat\\.dbt', 'send_anonymous_usage_stats': 'True', 'quiet': 'False', 'warn_error': 'None', 'partial_parse': 'True', 'invocation_command': 'dbt init ecommerce_dbt', 'indirect_selection': 'eager', 'use_colors': 'True', 'use_experimental_parser': 'False', 'log_path': 'logs'}
[0m13:11:49.491349 [info ] [MainThread]: Creating dbt configuration folder at C:\Users\revat\.dbt
[0m13:11:49.493349 [debug] [MainThread]: Starter project path: C:\Users\revat\Documents\ecommerce-analytics\venv\Lib\site-packages\dbt\include\starter_project
[0m13:11:49.517349 [info ] [MainThread]: 
Your new dbt project "ecommerce_dbt" was created!

For more information on how to configure the profiles.yml file,
please consult the dbt documentation here:

  https://docs.getdbt.com/docs/configure-your-profile

One more thing:

Need help? Don't hesitate to reach out to us via GitHub issues or on Slack:

  https://community.getdbt.com/

Happy modeling!

[0m13:11:49.518349 [info ] [MainThread]: Setting up your profile.
[0m13:11:56.565842 [debug] [MainThread]: Snowflake adapter: Setting snowflake.connector to ERROR (file logging only)
[0m13:11:56.566841 [debug] [MainThread]: Snowflake adapter: Setting botocore to ERROR (file logging only)
[0m13:11:56.566841 [debug] [MainThread]: Snowflake adapter: Setting boto3 to ERROR (file logging only)
[0m14:22:13.319090 [info ] [MainThread]: Profile ecommerce_dbt written to C:\Users\revat\.dbt\profiles.yml using target's profile_template.yml and your supplied values. Run 'dbt debug' to validate the connection.
[0m14:22:13.416087 [debug] [MainThread]: Command `dbt init` succeeded at 14:22:13.413086 after 522633.81 seconds
[0m14:22:13.425358 [debug] [MainThread]: Sending event: {'category': 'dbt', 'action': 'invocation', 'label': 'end', 'context': [<snowplow_tracker.self_describing_json.SelfDescribingJson object at 0x000001A981190BF0>, <snowplow_tracker.self_describing_json.SelfDescribingJson object at 0x000001A9A3200FE0>, <snowplow_tracker.self_describing_json.SelfDescribingJson object at 0x000001A9A3200440>]}
[0m14:22:13.433356 [debug] [MainThread]: Flushing usage events
[0m14:22:14.082114 [debug] [MainThread]: An error was encountered while trying to flush usage events
[0m14:22:48.082881 [debug] [MainThread]: Sending event: {'category': 'dbt', 'action': 'invocation', 'label': 'start', 'context': [<snowplow_tracker.self_describing_json.SelfDescribingJson object at 0x000001502C64B2F0>, <snowplow_tracker.self_describing_json.SelfDescribingJson object at 0x000001502BA70C20>, <snowplow_tracker.self_describing_json.SelfDescribingJson object at 0x000001502C6B4950>]}


============================== 14:22:48.089327 | b5cfd37a-ddb1-415a-8f78-1192eb1f4f28 ==============================
[0m14:22:48.089327 [info ] [MainThread]: Running with dbt=1.11.6
[0m14:22:48.090328 [debug] [MainThread]: running dbt with arguments {'static_parser': 'True', 'no_print': 'None', 'version_check': 'True', 'target_path': 'None', 'warn_error_options': 'WarnErrorOptionsV2(error=[], warn=[], silence=[])', 'printer_width': '80', 'write_json': 'True', 'empty': 'None', 'log_cache_events': 'False', 'introspect': 'True', 'cache_selected_only': 'False', 'log_format': 'default', 'debug': 'False', 'fail_fast': 'False', 'partial_parse': 'True', 'send_anonymous_usage_stats': 'True', 'quiet': 'False', 'warn_error': 'None', 'profiles_dir': 'C:\\Users\\revat\\.dbt', 'invocation_command': 'dbt debug', 'indirect_selection': 'eager', 'use_colors': 'True', 'use_experimental_parser': 'False', 'log_path': 'logs'}
[0m14:22:48.115344 [info ] [MainThread]: dbt version: 1.11.6
[0m14:22:48.116343 [info ] [MainThread]: python version: 3.12.4
[0m14:22:48.116343 [info ] [MainThread]: python path: C:\Users\revat\Documents\ecommerce-analytics\venv\Scripts\python.exe
[0m14:22:48.117343 [info ] [MainThread]: os info: Windows-11-10.0.26200-SP0
[0m14:22:51.093841 [debug] [MainThread]: Snowflake adapter: Setting snowflake.connector to ERROR (file logging only)
[0m14:22:51.094841 [debug] [MainThread]: Snowflake adapter: Setting botocore to ERROR (file logging only)
[0m14:22:51.094841 [debug] [MainThread]: Snowflake adapter: Setting boto3 to ERROR (file logging only)
[0m14:22:51.155884 [info ] [MainThread]: Using profiles dir at C:\Users\revat\.dbt
[0m14:22:51.156885 [info ] [MainThread]: Using profiles.yml file at C:\Users\revat\.dbt\profiles.yml
[0m14:22:51.156885 [info ] [MainThread]: Using dbt_project.yml file at C:\Users\revat\Documents\ecommerce-analytics\dbt_project.yml
[0m14:22:51.157886 [info ] [MainThread]: adapter type: snowflake
[0m14:22:51.158885 [info ] [MainThread]: adapter version: 1.11.2
[0m14:22:51.158885 [info ] [MainThread]: Configuration:
[0m14:22:51.158885 [info ] [MainThread]:   profiles.yml file [[32mOK found and valid[0m]
[0m14:22:51.159886 [info ] [MainThread]:   dbt_project.yml file [[31mERROR not found[0m]
[0m14:22:51.159886 [info ] [MainThread]: Required dependencies:
[0m14:22:51.159886 [debug] [MainThread]: Executing "git --help"
[0m14:22:51.212014 [debug] [MainThread]: STDOUT: "b"usage: git [-v | --version] [-h | --help] [-C <path>] [-c <name>=<value>]\n           [--exec-path[=<path>]] [--html-path] [--man-path] [--info-path]\n           [-p | --paginate | -P | --no-pager] [--no-replace-objects] [--bare]\n           [--git-dir=<path>] [--work-tree=<path>] [--namespace=<name>]\n           [--super-prefix=<path>] [--config-env=<name>=<envvar>]\n           <command> [<args>]\n\nThese are common Git commands used in various situations:\n\nstart a working area (see also: git help tutorial)\n   clone     Clone a repository into a new directory\n   init      Create an empty Git repository or reinitialize an existing one\n\nwork on the current change (see also: git help everyday)\n   add       Add file contents to the index\n   mv        Move or rename a file, a directory, or a symlink\n   restore   Restore working tree files\n   rm        Remove files from the working tree and from the index\n\nexamine the history and state (see also: git help revisions)\n   bisect    Use binary search to find the commit that introduced a bug\n   diff      Show changes between commits, commit and working tree, etc\n   grep      Print lines matching a pattern\n   log       Show commit logs\n   show      Show various types of objects\n   status    Show the working tree status\n\ngrow, mark and tweak your common history\n   branch    List, create, or delete branches\n   commit    Record changes to the repository\n   merge     Join two or more development histories together\n   rebase    Reapply commits on top of another base tip\n   reset     Reset current HEAD to the specified state\n   switch    Switch branches\n   tag       Create, list, delete or verify a tag object signed with GPG\n\ncollaborate (see also: git help workflows)\n   fetch     Download objects and refs from another repository\n   pull      Fetch from and integrate with another repository or a local branch\n   push      Update remote refs along with associated objects\n\n'git help -a' and 'git help -g' list available subcommands and some\nconcept guides. See 'git help <command>' or 'git help <concept>'\nto read about a specific subcommand or concept.\nSee 'git help git' for an overview of the system.\n""
[0m14:22:51.212014 [debug] [MainThread]: STDERR: "b''"
[0m14:22:51.213013 [info ] [MainThread]:  - git [[32mOK found[0m]

[0m14:22:51.213013 [info ] [MainThread]: Connection:
[0m14:22:51.214015 [info ] [MainThread]:   account: NVLFXWG-HZB25150
[0m14:22:51.214015 [info ] [MainThread]:   user: REVATILM
[0m14:22:51.214015 [info ] [MainThread]:   database: ECOMMERCE_ANALYTICS
[0m14:22:51.215014 [info ] [MainThread]:   warehouse: COMPUTE_WH
[0m14:22:51.215014 [info ] [MainThread]:   role: dev
[0m14:22:51.215014 [info ] [MainThread]:   schema: ANALYTICS
[0m14:22:51.216015 [info ] [MainThread]:   authenticator: None
[0m14:22:51.216447 [info ] [MainThread]:   oauth_client_id: None
[0m14:22:51.216447 [info ] [MainThread]:   query_tag: None
[0m14:22:51.216447 [info ] [MainThread]:   client_session_keep_alive: False
[0m14:22:51.217454 [info ] [MainThread]:   host: None
[0m14:22:51.217454 [info ] [MainThread]:   port: None
[0m14:22:51.217454 [info ] [MainThread]:   proxy_host: None
[0m14:22:51.218453 [info ] [MainThread]:   proxy_port: None
[0m14:22:51.218453 [info ] [MainThread]:   protocol: None
[0m14:22:51.218453 [info ] [MainThread]:   connect_retries: 1
[0m14:22:51.218453 [info ] [MainThread]:   connect_timeout: None
[0m14:22:51.219454 [info ] [MainThread]:   retry_on_database_errors: False
[0m14:22:51.219454 [info ] [MainThread]:   retry_all: False
[0m14:22:51.219454 [info ] [MainThread]:   insecure_mode: False
[0m14:22:51.220470 [info ] [MainThread]:   reuse_connections: True
[0m14:22:51.220470 [info ] [MainThread]:   s3_stage_vpce_dns_name: None
[0m14:22:51.221454 [info ] [MainThread]:   platform_detection_timeout_seconds: 0.0
[0m14:22:51.221454 [info ] [MainThread]: Registered adapter: snowflake=1.11.2
[0m14:22:51.676884 [debug] [MainThread]: Acquiring new snowflake connection 'debug'
[0m14:22:53.946402 [debug] [MainThread]: Using snowflake connection "debug"
[0m14:22:53.947402 [debug] [MainThread]: On debug: select 1 as id
[0m14:22:53.947402 [debug] [MainThread]: Opening a new connection, currently in state init
[0m14:22:55.532341 [debug] [MainThread]: Snowflake adapter: Error running SQL: select 1 as id
[0m14:22:55.532341 [debug] [MainThread]: Snowflake adapter: Rolling back transaction.
[0m14:22:55.532341 [info ] [MainThread]:   Connection test: [[31mERROR[0m]

[0m14:22:55.533348 [info ] [MainThread]: [31m2 checks failed:[0m
[0m14:22:55.533348 [info ] [MainThread]: Project loading failed for the following reason:
 project path <C:\Users\revat\Documents\ecommerce-analytics\dbt_project.yml> not found

[0m14:22:55.534279 [info ] [MainThread]: dbt was unable to connect to the specified database.
The database returned the following error:

  >Database Error
  250001 (08001): Failed to connect to DB: NVLFXWG-HZB25150.snowflakecomputing.com:443. Your free trial has ended and all of your virtual warehouses have been suspended. Add billing information in the Snowflake web UI to continue using the full set of Snowflake features.

Check your database credentials and try again. For more information, visit:
https://docs.getdbt.com/docs/configure-your-profile


[0m14:22:55.535279 [debug] [MainThread]: Command `dbt debug` failed at 14:22:55.535279 after 7.58 seconds
[0m14:22:55.536299 [debug] [MainThread]: Connection 'debug' was left open.
[0m14:22:55.536299 [debug] [MainThread]: On debug: No close available on handle
[0m14:22:55.536299 [debug] [MainThread]: Sending event: {'category': 'dbt', 'action': 'invocation', 'label': 'end', 'context': [<snowplow_tracker.self_describing_json.SelfDescribingJson object at 0x000001502C8455B0>, <snowplow_tracker.self_describing_json.SelfDescribingJson object at 0x000001504D3742F0>, <snowplow_tracker.self_describing_json.SelfDescribingJson object at 0x000001502CC1EB10>]}
[0m14:22:55.537288 [debug] [MainThread]: Flushing usage events
[0m14:22:55.935362 [debug] [MainThread]: An error was encountered while trying to flush usage events
[0m17:51:09.069351 [debug] [MainThread]: Sending event: {'category': 'dbt', 'action': 'invocation', 'label': 'start', 'context': [<snowplow_tracker.self_describing_json.SelfDescribingJson object at 0x0000020D99B0B5F0>, <snowplow_tracker.self_describing_json.SelfDescribingJson object at 0x0000020D99B0B3B0>, <snowplow_tracker.self_describing_json.SelfDescribingJson object at 0x0000020D99B0B830>]}


============================== 17:51:09.076345 | bd222b8a-467b-433d-a458-2f45cec45a56 ==============================
[0m17:51:09.076345 [info ] [MainThread]: Running with dbt=1.11.6
[0m17:51:09.077343 [debug] [MainThread]: running dbt with arguments {'version_check': 'True', 'no_print': 'None', 'static_parser': 'True', 'target_path': 'None', 'warn_error_options': 'WarnErrorOptionsV2(error=[], warn=[], silence=[])', 'printer_width': '80', 'write_json': 'True', 'empty': 'None', 'log_cache_events': 'False', 'introspect': 'True', 'cache_selected_only': 'False', 'fail_fast': 'False', 'debug': 'False', 'log_format': 'default', 'profiles_dir': 'C:\\Users\\revat\\.dbt', 'send_anonymous_usage_stats': 'True', 'quiet': 'False', 'warn_error': 'None', 'partial_parse': 'True', 'indirect_selection': 'eager', 'use_colors': 'True', 'invocation_command': 'dbt init ecommerce_dbt', 'use_experimental_parser': 'False', 'log_path': 'logs'}
[0m17:51:09.102344 [info ] [MainThread]: A project called ecommerce_dbt already exists here.
[0m17:51:09.103344 [debug] [MainThread]: Command `dbt init` succeeded at 17:51:09.103344 after 0.18 seconds
[0m17:51:09.103344 [debug] [MainThread]: Sending event: {'category': 'dbt', 'action': 'invocation', 'label': 'end', 'context': [<snowplow_tracker.self_describing_json.SelfDescribingJson object at 0x0000020D9955CD70>, <snowplow_tracker.self_describing_json.SelfDescribingJson object at 0x0000020D93B33D10>, <snowplow_tracker.self_describing_json.SelfDescribingJson object at 0x0000020D9A008B30>]}
[0m17:51:09.104343 [debug] [MainThread]: Flushing usage events
[0m17:51:09.638674 [debug] [MainThread]: An error was encountered while trying to flush usage events
[0m17:53:26.219079 [debug] [MainThread]: Sending event: {'category': 'dbt', 'action': 'invocation', 'label': 'start', 'context': [<snowplow_tracker.self_describing_json.SelfDescribingJson object at 0x000002919556A7B0>, <snowplow_tracker.self_describing_json.SelfDescribingJson object at 0x000002919556A720>, <snowplow_tracker.self_describing_json.SelfDescribingJson object at 0x000002919556A810>]}


============================== 17:53:26.224079 | 466928ff-1758-4d79-988e-4edb6f7ceaac ==============================
[0m17:53:26.224079 [info ] [MainThread]: Running with dbt=1.11.6
[0m17:53:26.225088 [debug] [MainThread]: running dbt with arguments {'static_parser': 'True', 'no_print': 'None', 'version_check': 'True', 'target_path': 'None', 'warn_error_options': 'WarnErrorOptionsV2(error=[], warn=[], silence=[])', 'printer_width': '80', 'write_json': 'True', 'introspect': 'True', 'log_cache_events': 'False', 'empty': 'None', 'cache_selected_only': 'False', 'fail_fast': 'False', 'debug': 'False', 'log_format': 'default', 'profiles_dir': 'C:\\Users\\revat\\.dbt', 'send_anonymous_usage_stats': 'True', 'quiet': 'False', 'warn_error': 'None', 'partial_parse': 'True', 'indirect_selection': 'eager', 'use_colors': 'True', 'invocation_command': 'dbt init ecommerce_dbt', 'use_experimental_parser': 'False', 'log_path': 'logs'}
[0m17:53:26.241072 [debug] [MainThread]: Starter project path: C:\Users\revat\Documents\ecommerce-analytics\venv\Lib\site-packages\dbt\include\starter_project
[0m17:53:26.268079 [info ] [MainThread]: 
Your new dbt project "ecommerce_dbt" was created!

For more information on how to configure the profiles.yml file,
please consult the dbt documentation here:

  https://docs.getdbt.com/docs/configure-your-profile

One more thing:

Need help? Don't hesitate to reach out to us via GitHub issues or on Slack:

  https://community.getdbt.com/

Happy modeling!

[0m17:53:26.268079 [info ] [MainThread]: Setting up your profile.
[0m17:53:57.464419 [debug] [MainThread]: Snowflake adapter: Setting snowflake.connector to ERROR (file logging only)
[0m17:53:57.465418 [debug] [MainThread]: Snowflake adapter: Setting botocore to ERROR (file logging only)
[0m17:53:57.466419 [debug] [MainThread]: Snowflake adapter: Setting boto3 to ERROR (file logging only)
[0m17:55:10.734796 [info ] [MainThread]: Profile ecommerce_dbt written to C:\Users\revat\.dbt\profiles.yml using target's profile_template.yml and your supplied values. Run 'dbt debug' to validate the connection.
[0m17:55:10.736795 [debug] [MainThread]: Command `dbt init` succeeded at 17:55:10.736795 after 104.64 seconds
[0m17:55:10.736795 [debug] [MainThread]: Sending event: {'category': 'dbt', 'action': 'invocation', 'label': 'end', 'context': [<snowplow_tracker.self_describing_json.SelfDescribingJson object at 0x0000029194C7AE10>, <snowplow_tracker.self_describing_json.SelfDescribingJson object at 0x00000291B5418950>, <snowplow_tracker.self_describing_json.SelfDescribingJson object at 0x00000291B7703260>]}
[0m17:55:10.737795 [debug] [MainThread]: Flushing usage events
[0m17:55:11.221818 [debug] [MainThread]: An error was encountered while trying to flush usage events
